<?xml version="1.0" encoding="UTF-8"?>
<!-- Generated by org.testng.reporters.JUnitReportReporter -->
<testsuite skipped="0" hostname="WKWIN8417882" name="Naukri.LogIn" tests="4" failures="0" timestamp="03 Mar 2019 08:02:53 GMT" time="10.490" errors="0">
  <testcase name="test1" time="0.014" classname="Naukri.LogIn"/>
  <testcase name="open_browser" time="0.007" classname="Naukri.LogIn"/>
  <testcase name="search" time="0.000" classname="Naukri.LogIn"/>
  <testcase name="loign" time="10.469" classname="Naukri.LogIn"/>
</testsuite> <!-- Naukri.LogIn -->
